0 info it worked if it ends with ok
1 verbose cli [ '/Users/MiguhRuiz/.nvm/versions/io.js/v2.3.1/bin/iojs',
1 verbose cli   '/Users/MiguhRuiz/.nvm/versions/io.js/v2.3.1/bin/npm',
1 verbose cli   'start' ]
2 info using npm@2.11.3
3 info using node@v2.3.1
4 verbose stack Error: missing script: start
4 verbose stack     at run (/Users/MiguhRuiz/.nvm/versions/io.js/v2.3.1/lib/node_modules/npm/lib/run-script.js:142:19)
4 verbose stack     at /Users/MiguhRuiz/.nvm/versions/io.js/v2.3.1/lib/node_modules/npm/lib/run-script.js:58:5
4 verbose stack     at /Users/MiguhRuiz/.nvm/versions/io.js/v2.3.1/lib/node_modules/npm/node_modules/read-package-json/read-json.js:345:5
4 verbose stack     at checkBinReferences_ (/Users/MiguhRuiz/.nvm/versions/io.js/v2.3.1/lib/node_modules/npm/node_modules/read-package-json/read-json.js:309:45)
4 verbose stack     at final (/Users/MiguhRuiz/.nvm/versions/io.js/v2.3.1/lib/node_modules/npm/node_modules/read-package-json/read-json.js:343:3)
4 verbose stack     at then (/Users/MiguhRuiz/.nvm/versions/io.js/v2.3.1/lib/node_modules/npm/node_modules/read-package-json/read-json.js:113:5)
4 verbose stack     at /Users/MiguhRuiz/.nvm/versions/io.js/v2.3.1/lib/node_modules/npm/node_modules/read-package-json/read-json.js:232:12
4 verbose stack     at FSReqWrap.readFileAfterClose [as oncomplete] (evalmachine.<anonymous>:380:3)
5 verbose cwd /Users/MiguhRuiz/Desktop/Branding
6 error Darwin 14.4.0
7 error argv "/Users/MiguhRuiz/.nvm/versions/io.js/v2.3.1/bin/iojs" "/Users/MiguhRuiz/.nvm/versions/io.js/v2.3.1/bin/npm" "start"
8 error node v2.3.1
9 error npm  v2.11.3
10 error missing script: start
11 error If you need help, you may report this error at:
11 error     <https://github.com/npm/npm/issues>
12 verbose exit [ 1, true ]
